<?xml version="1.0" encoding="UTF-8"?>
<testsuite name="nl.tudelft.simulation.dsol.animation.AnimationTest" time="0.004" tests="1" errors="0" skipped="0" failures="0">
  <properties>
    <property name="java.runtime.name" value="Java(TM) SE Runtime Environment"/>
    <property name="sun.boot.library.path" value="C:\app\jdk1.8.0_92x64\jre\bin"/>
    <property name="java.vm.version" value="25.92-b14"/>
    <property name="java.vm.vendor" value="Oracle Corporation"/>
    <property name="maven.multiModuleProjectDirectory" value="E:\java\dsol300\workspace\dsol-swing"/>
    <property name="java.vendor.url" value="http://java.oracle.com/"/>
    <property name="path.separator" value=";"/>
    <property name="guice.disable.misplaced.annotation.check" value="true"/>
    <property name="java.vm.name" value="Java HotSpot(TM) 64-Bit Server VM"/>
    <property name="file.encoding.pkg" value="sun.io"/>
    <property name="user.script" value=""/>
    <property name="user.country" value="US"/>
    <property name="sun.java.launcher" value="SUN_STANDARD"/>
    <property name="sun.os.patch.level" value="Service Pack 1"/>
    <property name="java.vm.specification.name" value="Java Virtual Machine Specification"/>
    <property name="user.dir" value="E:\java\dsol300\workspace\dsol-swing"/>
    <property name="java.runtime.version" value="1.8.0_92-b14"/>
    <property name="java.awt.graphicsenv" value="sun.awt.Win32GraphicsEnvironment"/>
    <property name="java.endorsed.dirs" value="C:\app\jdk1.8.0_92x64\jre\lib\endorsed"/>
    <property name="os.arch" value="amd64"/>
    <property name="java.io.tmpdir" value="C:\Users\alexandv\AppData\Local\Temp\"/>
    <property name="line.separator" value="&#10;"/>
    <property name="java.vm.specification.vendor" value="Oracle Corporation"/>
    <property name="user.variant" value=""/>
    <property name="os.name" value="Windows 7"/>
    <property name="classworlds.conf" value="E:\java\dsol300\workspace\.metadata\.plugins\org.eclipse.m2e.launching\launches\m2conf8198364349181784821.tmp"/>
    <property name="sun.jnu.encoding" value="Cp1252"/>
    <property name="java.library.path" value="C:\app\jdk1.8.0_92x64\bin;C:\Windows\Sun\Java\bin;C:\Windows\system32;C:\Windows;C:\Program Files (x86)\Intel\iCLS Client\;C:\Program Files\Intel\iCLS Client\;C:\WINDOWS\SYSTEM32;C:\WINDOWS;C:\WINDOWS\SYSTEM32\WBEM;C:\app\jdk1.8.0_92x64\bin;C:\WINDOWS\SYSTEM32\WINDOWSPOWERSHELL\V1.0\;C:\APP\APACHE-MAVEN-3.3.3\BIN;C:\PROGRAM FILES (X86)\COMMON FILES\DIVX SHARED\;C:\PROGRAM FILES (X86)\ROCKWELL SOFTWARE\RSCOMMON;C:\PROGRAM FILES (X86)\MYSQL\MYSQL UTILITIES 1.3.6\;C:\PROGRAM FILES (X86)\AUTODESK\BACKBURNER\;C:\APP\AUTOMOD12.3\BIN;C:\PROGRAM FILES (X86)\MIKTEX 2.9\MIKTEX\BIN;C:\APP\PHP5.5.10_X86\BIN;C:\PROGRAM FILES (X86)\IMAGEMAGICK-6.3.3-Q16;C:\PROGRAM FILES (X86)\SKYPE\PHONE\;C:\Program Files\WIDCOMM\Bluetooth Software\;C:\Program Files\WIDCOMM\Bluetooth Software\syswow64;C:\Program Files\Dell\DW WLAN Card;C:\Program Files\MATLAB\R2016b\runtime\win64;C:\Program Files\MATLAB\R2016b\bin;C:\Program Files\Intel\Intel(R) Management Engine Components\DAL;C:\Program Files\Intel\Intel(R) Management Engine Components\IPT;C:\Program Files (x86)\Intel\Intel(R) Management Engine Components\DAL;C:\Program Files (x86)\Intel\Intel(R) Management Engine Components\IPT;.;;.;;.;;."/>
    <property name="java.specification.name" value="Java Platform API Specification"/>
    <property name="java.class.version" value="52.0"/>
    <property name="sun.management.compiler" value="HotSpot 64-Bit Tiered Compilers"/>
    <property name="os.version" value="6.1"/>
    <property name="user.home" value="C:\Users\alexandv"/>
    <property name="user.timezone" value="Europe/Berlin"/>
    <property name="java.awt.printerjob" value="sun.awt.windows.WPrinterJob"/>
    <property name="java.specification.version" value="1.8"/>
    <property name="file.encoding" value="Cp1252"/>
    <property name="user.name" value="alexandv"/>
    <property name="java.class.path" value="/C:/app/eclipse4.6/plugins/org.eclipse.m2e.maven.runtime_1.7.0.20160603-1931/jars/plexus-classworlds-2.5.2.jar"/>
    <property name="java.vm.specification.version" value="1.8"/>
    <property name="sun.arch.data.model" value="64"/>
    <property name="java.home" value="C:\app\jdk1.8.0_92x64\jre"/>
    <property name="sun.java.command" value="org.codehaus.plexus.classworlds.launcher.Launcher -B install"/>
    <property name="java.specification.vendor" value="Oracle Corporation"/>
    <property name="user.language" value="en"/>
    <property name="awt.toolkit" value="sun.awt.windows.WToolkit"/>
    <property name="java.vm.info" value="mixed mode"/>
    <property name="java.version" value="1.8.0_92"/>
    <property name="java.ext.dirs" value="C:\app\jdk1.8.0_92x64\jre\lib\ext;C:\Windows\Sun\Java\lib\ext"/>
    <property name="sun.boot.class.path" value="C:\app\jdk1.8.0_92x64\jre\lib\resources.jar;C:\app\jdk1.8.0_92x64\jre\lib\rt.jar;C:\app\jdk1.8.0_92x64\jre\lib\sunrsasign.jar;C:\app\jdk1.8.0_92x64\jre\lib\jsse.jar;C:\app\jdk1.8.0_92x64\jre\lib\jce.jar;C:\app\jdk1.8.0_92x64\jre\lib\charsets.jar;C:\app\jdk1.8.0_92x64\jre\lib\jfr.jar;C:\app\jdk1.8.0_92x64\jre\classes"/>
    <property name="java.vendor" value="Oracle Corporation"/>
    <property name="maven.home" value="E:\java\dsol300\workspace\dsol-swing\EMBEDDED"/>
    <property name="file.separator" value="\"/>
    <property name="java.vendor.url.bug" value="http://bugreport.sun.com/bugreport/"/>
    <property name="sun.cpu.endian" value="little"/>
    <property name="sun.io.unicode.encoding" value="UnicodeLittle"/>
    <property name="sun.desktop" value="windows"/>
    <property name="sun.cpu.isalist" value="amd64"/>
  </properties>
  <testcase name="test" classname="nl.tudelft.simulation.dsol.animation.AnimationTest" time="0.004"/>
</testsuite>